::1 - - [07/Apr/2019:01:37:45 +0000] "GET / HTTP/1.1" 404 9 "-" "Mozilla/5.0 (Macintosh; Intel Mac OS X 10_13_6) AppleWebKit/537.36 (KHTML, like Gecko) Chrome/73.0.3683.86 Safari/537.36"
::1 - - [07/Apr/2019:01:37:56 +0000] "GET / HTTP/1.1" 404 9 "-" "Mozilla/5.0 (Macintosh; Intel Mac OS X 10_13_6) AppleWebKit/537.36 (KHTML, like Gecko) Chrome/73.0.3683.86 Safari/537.36"
::1 - - [07/Apr/2019:01:38:33 +0000] "GET /grades HTTP/1.1" 204 - "-" "Mozilla/5.0 (Macintosh; Intel Mac OS X 10_13_6) AppleWebKit/537.36 (KHTML, like Gecko) Chrome/73.0.3683.86 Safari/537.36"
::1 - - [07/Apr/2019:01:38:41 +0000] "GET /grades/ HTTP/1.1" 204 - "-" "Mozilla/5.0 (Macintosh; Intel Mac OS X 10_13_6) AppleWebKit/537.36 (KHTML, like Gecko) Chrome/73.0.3683.86 Safari/537.36"
::1 - - [07/Apr/2019:01:39:31 +0000] "GET /grades HTTP/1.1" 204 - "-" "Mozilla/5.0 (Macintosh; Intel Mac OS X 10_13_6) AppleWebKit/537.36 (KHTML, like Gecko) Chrome/73.0.3683.86 Safari/537.36"
::1 - - [07/Apr/2019:01:40:16 +0000] "GET /grades HTTP/1.1" 204 - "-" "Mozilla/5.0 (Macintosh; Intel Mac OS X 10_13_6) AppleWebKit/537.36 (KHTML, like Gecko) Chrome/73.0.3683.86 Safari/537.36"
::1 - - [07/Apr/2019:01:40:39 +0000] "GET /grades HTTP/1.1" 204 - "-" "Mozilla/5.0 (Macintosh; Intel Mac OS X 10_13_6) AppleWebKit/537.36 (KHTML, like Gecko) Chrome/73.0.3683.86 Safari/537.36"
::1 - - [07/Apr/2019:01:41:19 +0000] "GET /grades HTTP/1.1" 204 - "-" "Mozilla/5.0 (Macintosh; Intel Mac OS X 10_13_6) AppleWebKit/537.36 (KHTML, like Gecko) Chrome/73.0.3683.86 Safari/537.36"
::1 - - [07/Apr/2019:01:41:29 +0000] "GET /grades HTTP/1.1" 201 13 "-" "Mozilla/5.0 (Macintosh; Intel Mac OS X 10_13_6) AppleWebKit/537.36 (KHTML, like Gecko) Chrome/73.0.3683.86 Safari/537.36"
::1 - - [07/Apr/2019:01:44:01 +0000] "POST /grades HTTP/1.1" 201 15 "-" "curl/7.54.0"
::1 - - [07/Apr/2019:01:44:16 +0000] "GET /grades HTTP/1.1" 200 54 "-" "Mozilla/5.0 (Macintosh; Intel Mac OS X 10_13_6) AppleWebKit/537.36 (KHTML, like Gecko) Chrome/73.0.3683.86 Safari/537.36"
::1 - - [07/Apr/2019:01:46:55 +0000] "POST /grades HTTP/1.1" 201 15 "-" "curl/7.54.0"
::1 - - [07/Apr/2019:01:47:02 +0000] "GET /grades HTTP/1.1" 200 85 "-" "Mozilla/5.0 (Macintosh; Intel Mac OS X 10_13_6) AppleWebKit/537.36 (KHTML, like Gecko) Chrome/73.0.3683.86 Safari/537.36"
::1 - - [07/Apr/2019:01:47:30 +0000] "POST /grades HTTP/1.1" 201 15 "-" "curl/7.54.0"
::1 - - [07/Apr/2019:01:47:34 +0000] "GET /grades HTTP/1.1" 200 43 "-" "Mozilla/5.0 (Macintosh; Intel Mac OS X 10_13_6) AppleWebKit/537.36 (KHTML, like Gecko) Chrome/73.0.3683.86 Safari/537.36"
::1 - - [07/Apr/2019:01:49:41 +0000] "PUT /grades/0 HTTP/1.1" 202 15 "-" "curl/7.54.0"
::1 - - [07/Apr/2019:01:49:47 +0000] "GET /grades HTTP/1.1" 200 74 "-" "Mozilla/5.0 (Macintosh; Intel Mac OS X 10_13_6) AppleWebKit/537.36 (KHTML, like Gecko) Chrome/73.0.3683.86 Safari/537.36"
::1 - - [07/Apr/2019:01:50:00 +0000] "PUT /grades/1 HTTP/1.1" 404 9 "-" "curl/7.54.0"
::1 - - [07/Apr/2019:01:50:33 +0000] "GET /grades/0 HTTP/1.1" 200 57 "-" "Mozilla/5.0 (Macintosh; Intel Mac OS X 10_13_6) AppleWebKit/537.36 (KHTML, like Gecko) Chrome/73.0.3683.86 Safari/537.36"
::1 - - [07/Apr/2019:01:52:02 +0000] "DELETE /grades/1 HTTP/1.1" 404 9 "-" "curl/7.54.0"
::1 - - [07/Apr/2019:01:52:11 +0000] "DELETE /grades/0 HTTP/1.1" 200 15 "-" "curl/7.54.0"
::1 - - [07/Apr/2019:01:52:16 +0000] "GET /grades/0 HTTP/1.1" 404 9 "-" "Mozilla/5.0 (Macintosh; Intel Mac OS X 10_13_6) AppleWebKit/537.36 (KHTML, like Gecko) Chrome/73.0.3683.86 Safari/537.36"
::1 - - [07/Apr/2019:01:52:19 +0000] "GET /grades HTTP/1.1" 204 - "-" "Mozilla/5.0 (Macintosh; Intel Mac OS X 10_13_6) AppleWebKit/537.36 (KHTML, like Gecko) Chrome/73.0.3683.86 Safari/537.36"
::1 - - [07/Apr/2019:01:53:00 +0000] "POST /grades HTTP/1.1" 201 15 "-" "curl/7.54.0"
::1 - - [07/Apr/2019:01:53:07 +0000] "GET /grades/ HTTP/1.1" 200 74 "-" "Mozilla/5.0 (Macintosh; Intel Mac OS X 10_13_6) AppleWebKit/537.36 (KHTML, like Gecko) Chrome/73.0.3683.86 Safari/537.36"
::1 - - [07/Apr/2019:02:00:04 +0000] "POST /grades HTTP/1.1" 201 68 "-" "curl/7.54.0"
::1 - - [07/Apr/2019:02:00:18 +0000] "GET /grades/0 HTTP/1.1" 200 68 "-" "Mozilla/5.0 (Macintosh; Intel Mac OS X 10_13_6) AppleWebKit/537.36 (KHTML, like Gecko) Chrome/73.0.3683.86 Safari/537.36"
::1 - - [07/Apr/2019:02:01:51 +0000] "GET /grades/1 HTTP/1.1" 404 9 "-" "Mozilla/5.0 (Macintosh; Intel Mac OS X 10_13_6) AppleWebKit/537.36 (KHTML, like Gecko) Chrome/73.0.3683.86 Safari/537.36"
::1 - - [07/Apr/2019:02:01:57 +0000] "GET /grades/0 HTTP/1.1" 304 - "-" "Mozilla/5.0 (Macintosh; Intel Mac OS X 10_13_6) AppleWebKit/537.36 (KHTML, like Gecko) Chrome/73.0.3683.86 Safari/537.36"
